<?xml version="1.0" encoding="UTF-8"?>
<!-- Generated by org.testng.reporters.JUnitReportReporter -->
<testsuite hostname="DESKTOP-8HFKABF" failures="0" tests="1" name="ownFramework.Trial.dropdownselection" time="35.001" errors="0" timestamp="2025-07-05T10:46:32 IST" skipped="0">
  <testcase classname="ownFramework.Trial.dropdownselection" name="f" time="35.001"/>
  <system-out/>
</testsuite> <!-- ownFramework.Trial.dropdownselection -->
