<?xml version="1.0" encoding="UTF-8"?>
<!-- Generated by org.testng.reporters.JUnitReportReporter -->
<testsuite hostname="DESKTOP-8HFKABF" failures="0" tests="1" name="ownFramework.Trial.propertyfiledatainput" time="0.064" errors="0" timestamp="2025-07-03T20:31:24 IST" skipped="0">
  <testcase classname="ownFramework.Trial.propertyfiledatainput" name="f" time="0.064"/>
  <system-out/>
</testsuite> <!-- ownFramework.Trial.propertyfiledatainput -->
