<?xml version="1.0" encoding="UTF-8"?>
<!-- Generated by org.testng.reporters.JUnitReportReporter -->
<testsuite hostname="DESKTOP-8HFKABF" failures="0" tests="1" name="ownFramework.Trial.Mousehover" time="77.833" errors="0" timestamp="2025-07-05T10:46:32 IST" skipped="0">
  <testcase classname="ownFramework.Trial.Mousehover" name="f" time="77.833"/>
  <system-out/>
</testsuite> <!-- ownFramework.Trial.Mousehover -->
