<?xml version="1.0" encoding="UTF-8"?>
<!-- Generated by org.testng.reporters.JUnitReportReporter -->
<testsuite hostname="DESKTOP-8HFKABF" failures="0" tests="1" name="NewTest" time="0.011" errors="0" timestamp="2025-07-03T18:48:22 IST" skipped="0">
  <testcase classname="NewTest" name="googlesearch" time="0.011"/>
  <system-out/>
</testsuite> <!-- NewTest -->
