<?xml version="1.0" encoding="UTF-8"?>
<!-- Generated by org.testng.reporters.JUnitReportReporter -->
<testsuite hostname="AINCMYTB0GSNNSH" failures="0" tests="1" name="demo.AON" time="30.029" errors="0" timestamp="2025-07-02T12:22:14 IST" skipped="0">
  <testcase classname="demo.AON" name="test2" time="30.029"/>
</testsuite> <!-- demo.AON -->
