<?xml version="1.0" encoding="UTF-8"?>
<!-- Generated by org.testng.reporters.JUnitReportReporter -->
<testsuite hostname="AINCMYTB0GSNNSH" failures="0" tests="5" name="demo.TestNGParallelTestingDemo" time="0.124" errors="0" timestamp="2025-06-22T16:30:43 IST" skipped="0">
  <testcase classname="demo.TestNGParallelTestingDemo" name="test2" time="0.019"/>
  <testcase classname="demo.TestNGParallelTestingDemo" name="test1" time="0.033"/>
  <testcase classname="demo.TestNGParallelTestingDemo" name="test1" time="0.035"/>
  <testcase classname="demo.TestNGParallelTestingDemo" name="test1" time="0.034"/>
  <testcase classname="demo.TestNGParallelTestingDemo" name="test3" time="0.003"/>
</testsuite> <!-- demo.TestNGParallelTestingDemo -->
