<?xml version="1.0" encoding="UTF-8"?>
<!-- Generated by org.testng.reporters.JUnitReportReporter -->
<testsuite hostname="AINCMYTB0GSNNSH" failures="0" tests="4" name="demo.TestNGParametersDemo" time="0.029" errors="0" timestamp="2025-06-22T16:32:25 IST" skipped="0">
  <testcase classname="demo.TestNGParametersDemo" name="test4" time="0.003"/>
  <testcase classname="demo.TestNGParametersDemo" name="test3" time="0.016"/>
  <testcase classname="demo.TestNGParametersDemo" name="test1" time="0.006"/>
  <testcase classname="demo.TestNGParametersDemo" name="test2" time="0.004"/>
</testsuite> <!-- demo.TestNGParametersDemo -->
