<?xml version="1.0" encoding="UTF-8"?>
<!-- Generated by org.testng.reporters.JUnitReportReporter -->
<testsuite hostname="AINCMYTB0GSNNSH" failures="0" tests="3" name="listeners.TestNGListenerDemo2" time="0.012" errors="0" timestamp="2025-06-22T16:30:31 IST" skipped="1">
  <testcase classname="listeners.TestNGListenerDemo2" name="test4" time="0.003"/>
  <testcase classname="listeners.TestNGListenerDemo2" name="test5" time="0.006"/>
  <testcase classname="listeners.TestNGListenerDemo2" name="test6" time="0.003">
    <skipped/>
  </testcase> <!-- test6 -->
</testsuite> <!-- listeners.TestNGListenerDemo2 -->
